2024-12-14 15:42:23,287 - matplotlib.pyplot - DEBUG - Loaded backend agg version v2.2.
2024-12-14 15:42:23,289 - matplotlib.font_manager - DEBUG - findfont: Matching sans\-serif:style=normal:variant=normal:weight=normal:stretch=normal:size=10.0.
2024-12-14 15:42:23,289 - matplotlib.font_manager - DEBUG - findfont: score(FontEntry(fname='/home/rexionmars/estudos/MakeConciency/.venv/lib/python3.10/site-packages/matplotlib/mpl-data/fonts/ttf/cmss10.ttf', name='cmss10', style='normal', variant='normal', weight=400, stretch='normal', size='scalable')) = 10.05
2024-12-14 15:42:23,289 - matplotlib.font_manager - DEBUG - findfont: score(FontEntry(fname='/home/rexionmars/estudos/MakeConciency/.venv/lib/python3.10/site-packages/matplotlib/mpl-data/fonts/ttf/cmsy10.ttf', name='cmsy10', style='normal', variant='normal', weight=400, stretch='normal', size='scalable')) = 10.05
2024-12-14 15:42:23,289 - matplotlib.font_manager - DEBUG - findfont: score(FontEntry(fname='/home/rexionmars/estudos/MakeConciency/.venv/lib/python3.10/site-packages/matplotlib/mpl-data/fonts/ttf/cmmi10.ttf', name='cmmi10', style='normal', variant='normal', weight=400, stretch='normal', size='scalable')) = 10.05
2024-12-14 15:42:23,289 - matplotlib.font_manager - DEBUG - findfont: score(FontEntry(fname='/home/rexionmars/estudos/MakeConciency/.venv/lib/python3.10/site-packages/matplotlib/mpl-data/fonts/ttf/STIXGeneralBolIta.ttf', name='STIXGeneral', style='italic', variant='normal', weight=700, stretch='normal', size='scalable')) = 11.335
2024-12-14 15:42:23,289 - matplotlib.font_manager - DEBUG - findfont: score(FontEntry(fname='/home/rexionmars/estudos/MakeConciency/.venv/lib/python3.10/site-packages/matplotlib/mpl-data/fonts/ttf/DejaVuSerif-BoldItalic.ttf', name='DejaVu Serif', style='italic', variant='normal', weight=700, stretch='normal', size='scalable')) = 11.335
2024-12-14 15:42:23,289 - matplotlib.font_manager - DEBUG - findfont: score(FontEntry(fname='/home/rexionmars/estudos/MakeConciency/.venv/lib/python3.10/site-packages/matplotlib/mpl-data/fonts/ttf/DejaVuSansMono-BoldOblique.ttf', name='DejaVu Sans Mono', style='oblique', variant='normal', weight=700, stretch='normal', size='scalable')) = 11.335
2024-12-14 15:42:23,289 - matplotlib.font_manager - DEBUG - findfont: score(FontEntry(fname='/home/rexionmars/estudos/MakeConciency/.venv/lib/python3.10/site-packages/matplotlib/mpl-data/fonts/ttf/STIXSizOneSymReg.ttf', name='STIXSizeOneSym', style='normal', variant='normal', weight=400, stretch='normal', size='scalable')) = 10.05
2024-12-14 15:42:23,289 - matplotlib.font_manager - DEBUG - findfont: score(FontEntry(fname='/home/rexionmars/estudos/MakeConciency/.venv/lib/python3.10/site-packages/matplotlib/mpl-data/fonts/ttf/cmex10.ttf', name='cmex10', style='normal', variant='normal', weight=400, stretch='normal', size='scalable')) = 10.05
2024-12-14 15:42:23,289 - matplotlib.font_manager - DEBUG - findfont: score(FontEntry(fname='/home/rexionmars/estudos/MakeConciency/.venv/lib/python3.10/site-packages/matplotlib/mpl-data/fonts/ttf/DejaVuSerif-Italic.ttf', name='DejaVu Serif', style='italic', variant='normal', weight=400, stretch='normal', size='scalable')) = 11.05
2024-12-14 15:42:23,289 - matplotlib.font_manager - DEBUG - findfont: score(FontEntry(fname='/home/rexionmars/estudos/MakeConciency/.venv/lib/python3.10/site-packages/matplotlib/mpl-data/fonts/ttf/STIXSizFiveSymReg.ttf', name='STIXSizeFiveSym', style='normal', variant='normal', weight=400, stretch='normal', size='scalable')) = 10.05
2024-12-14 15:42:23,289 - matplotlib.font_manager - DEBUG - findfont: score(FontEntry(fname='/home/rexionmars/estudos/MakeConciency/.venv/lib/python3.10/site-packages/matplotlib/mpl-data/fonts/ttf/STIXSizThreeSymBol.ttf', name='STIXSizeThreeSym', style='normal', variant='normal', weight=700, stretch='normal', size='scalable')) = 10.335
2024-12-14 15:42:23,289 - matplotlib.font_manager - DEBUG - findfont: score(FontEntry(fname='/home/rexionmars/estudos/MakeConciency/.venv/lib/python3.10/site-packages/matplotlib/mpl-data/fonts/ttf/STIXSizFourSymBol.ttf', name='STIXSizeFourSym', style='normal', variant='normal', weight=700, stretch='normal', size='scalable')) = 10.335
2024-12-14 15:42:23,289 - matplotlib.font_manager - DEBUG - findfont: score(FontEntry(fname='/home/rexionmars/estudos/MakeConciency/.venv/lib/python3.10/site-packages/matplotlib/mpl-data/fonts/ttf/DejaVuSansMono.ttf', name='DejaVu Sans Mono', style='normal', variant='normal', weight=400, stretch='normal', size='scalable')) = 10.05
2024-12-14 15:42:23,289 - matplotlib.font_manager - DEBUG - findfont: score(FontEntry(fname='/home/rexionmars/estudos/MakeConciency/.venv/lib/python3.10/site-packages/matplotlib/mpl-data/fonts/ttf/cmb10.ttf', name='cmb10', style='normal', variant='normal', weight=400, stretch='normal', size='scalable')) = 10.05
2024-12-14 15:42:23,290 - matplotlib.font_manager - DEBUG - findfont: score(FontEntry(fname='/home/rexionmars/estudos/MakeConciency/.venv/lib/python3.10/site-packages/matplotlib/mpl-data/fonts/ttf/DejaVuSansMono-Oblique.ttf', name='DejaVu Sans Mono', style='oblique', variant='normal', weight=400, stretch='normal', size='scalable')) = 11.05
2024-12-14 15:42:23,290 - matplotlib.font_manager - DEBUG - findfont: score(FontEntry(fname='/home/rexionmars/estudos/MakeConciency/.venv/lib/python3.10/site-packages/matplotlib/mpl-data/fonts/ttf/STIXNonUni.ttf', name='STIXNonUnicode', style='normal', variant='normal', weight=400, stretch='normal', size='scalable')) = 10.05
2024-12-14 15:42:23,290 - matplotlib.font_manager - DEBUG - findfont: score(FontEntry(fname='/home/rexionmars/estudos/MakeConciency/.venv/lib/python3.10/site-packages/matplotlib/mpl-data/fonts/ttf/STIXGeneralItalic.ttf', name='STIXGeneral', style='italic', variant='normal', weight=400, stretch='normal', size='scalable')) = 11.05
2024-12-14 15:42:23,290 - matplotlib.font_manager - DEBUG - findfont: score(FontEntry(fname='/home/rexionmars/estudos/MakeConciency/.venv/lib/python3.10/site-packages/matplotlib/mpl-data/fonts/ttf/STIXGeneral.ttf', name='STIXGeneral', style='normal', variant='normal', weight=400, stretch='normal', size='scalable')) = 10.05
2024-12-14 15:42:23,290 - matplotlib.font_manager - DEBUG - findfont: score(FontEntry(fname='/home/rexionmars/estudos/MakeConciency/.venv/lib/python3.10/site-packages/matplotlib/mpl-data/fonts/ttf/STIXSizTwoSymReg.ttf', name='STIXSizeTwoSym', style='normal', variant='normal', weight=400, stretch='normal', size='scalable')) = 10.05
2024-12-14 15:42:23,290 - matplotlib.font_manager - DEBUG - findfont: score(FontEntry(fname='/home/rexionmars/estudos/MakeConciency/.venv/lib/python3.10/site-packages/matplotlib/mpl-data/fonts/ttf/STIXSizTwoSymBol.ttf', name='STIXSizeTwoSym', style='normal', variant='normal', weight=700, stretch='normal', size='scalable')) = 10.335
2024-12-14 15:42:23,290 - matplotlib.font_manager - DEBUG - findfont: score(FontEntry(fname='/home/rexionmars/estudos/MakeConciency/.venv/lib/python3.10/site-packages/matplotlib/mpl-data/fonts/ttf/STIXSizThreeSymReg.ttf', name='STIXSizeThreeSym', style='normal', variant='normal', weight=400, stretch='normal', size='scalable')) = 10.05
2024-12-14 15:42:23,290 - matplotlib.font_manager - DEBUG - findfont: score(FontEntry(fname='/home/rexionmars/estudos/MakeConciency/.venv/lib/python3.10/site-packages/matplotlib/mpl-data/fonts/ttf/DejaVuSerif-Bold.ttf', name='DejaVu Serif', style='normal', variant='normal', weight=700, stretch='normal', size='scalable')) = 10.335
2024-12-14 15:42:23,290 - matplotlib.font_manager - DEBUG - findfont: score(FontEntry(fname='/home/rexionmars/estudos/MakeConciency/.venv/lib/python3.10/site-packages/matplotlib/mpl-data/fonts/ttf/DejaVuSans-Oblique.ttf', name='DejaVu Sans', style='oblique', variant='normal', weight=400, stretch='normal', size='scalable')) = 1.05
2024-12-14 15:42:23,290 - matplotlib.font_manager - DEBUG - findfont: score(FontEntry(fname='/home/rexionmars/estudos/MakeConciency/.venv/lib/python3.10/site-packages/matplotlib/mpl-data/fonts/ttf/STIXSizFourSymReg.ttf', name='STIXSizeFourSym', style='normal', variant='normal', weight=400, stretch='normal', size='scalable')) = 10.05
2024-12-14 15:42:23,290 - matplotlib.font_manager - DEBUG - findfont: score(FontEntry(fname='/home/rexionmars/estudos/MakeConciency/.venv/lib/python3.10/site-packages/matplotlib/mpl-data/fonts/ttf/DejaVuSansDisplay.ttf', name='DejaVu Sans Display', style='normal', variant='normal', weight=400, stretch='normal', size='scalable')) = 10.05
2024-12-14 15:42:23,290 - matplotlib.font_manager - DEBUG - findfont: score(FontEntry(fname='/home/rexionmars/estudos/MakeConciency/.venv/lib/python3.10/site-packages/matplotlib/mpl-data/fonts/ttf/DejaVuSans-Bold.ttf', name='DejaVu Sans', style='normal', variant='normal', weight=700, stretch='normal', size='scalable')) = 0.33499999999999996
2024-12-14 15:42:23,290 - matplotlib.font_manager - DEBUG - findfont: score(FontEntry(fname='/home/rexionmars/estudos/MakeConciency/.venv/lib/python3.10/site-packages/matplotlib/mpl-data/fonts/ttf/DejaVuSans.ttf', name='DejaVu Sans', style='normal', variant='normal', weight=400, stretch='normal', size='scalable')) = 0.05
2024-12-14 15:42:23,290 - matplotlib.font_manager - DEBUG - findfont: score(FontEntry(fname='/home/rexionmars/estudos/MakeConciency/.venv/lib/python3.10/site-packages/matplotlib/mpl-data/fonts/ttf/STIXNonUniIta.ttf', name='STIXNonUnicode', style='italic', variant='normal', weight=400, stretch='normal', size='scalable')) = 11.05
2024-12-14 15:42:23,290 - matplotlib.font_manager - DEBUG - findfont: score(FontEntry(fname='/home/rexionmars/estudos/MakeConciency/.venv/lib/python3.10/site-packages/matplotlib/mpl-data/fonts/ttf/DejaVuSansMono-Bold.ttf', name='DejaVu Sans Mono', style='normal', variant='normal', weight=700, stretch='normal', size='scalable')) = 10.335
2024-12-14 15:42:23,290 - matplotlib.font_manager - DEBUG - findfont: score(FontEntry(fname='/home/rexionmars/estudos/MakeConciency/.venv/lib/python3.10/site-packages/matplotlib/mpl-data/fonts/ttf/DejaVuSerifDisplay.ttf', name='DejaVu Serif Display', style='normal', variant='normal', weight=400, stretch='normal', size='scalable')) = 10.05
2024-12-14 15:42:23,290 - matplotlib.font_manager - DEBUG - findfont: score(FontEntry(fname='/home/rexionmars/estudos/MakeConciency/.venv/lib/python3.10/site-packages/matplotlib/mpl-data/fonts/ttf/cmtt10.ttf', name='cmtt10', style='normal', variant='normal', weight=400, stretch='normal', size='scalable')) = 10.05
2024-12-14 15:42:23,290 - matplotlib.font_manager - DEBUG - findfont: score(FontEntry(fname='/home/rexionmars/estudos/MakeConciency/.venv/lib/python3.10/site-packages/matplotlib/mpl-data/fonts/ttf/STIXSizOneSymBol.ttf', name='STIXSizeOneSym', style='normal', variant='normal', weight=700, stretch='normal', size='scalable')) = 10.335
2024-12-14 15:42:23,290 - matplotlib.font_manager - DEBUG - findfont: score(FontEntry(fname='/home/rexionmars/estudos/MakeConciency/.venv/lib/python3.10/site-packages/matplotlib/mpl-data/fonts/ttf/STIXGeneralBol.ttf', name='STIXGeneral', style='normal', variant='normal', weight=700, stretch='normal', size='scalable')) = 10.335
2024-12-14 15:42:23,290 - matplotlib.font_manager - DEBUG - findfont: score(FontEntry(fname='/home/rexionmars/estudos/MakeConciency/.venv/lib/python3.10/site-packages/matplotlib/mpl-data/fonts/ttf/cmr10.ttf', name='cmr10', style='normal', variant='normal', weight=400, stretch='normal', size='scalable')) = 10.05
2024-12-14 15:42:23,290 - matplotlib.font_manager - DEBUG - findfont: score(FontEntry(fname='/home/rexionmars/estudos/MakeConciency/.venv/lib/python3.10/site-packages/matplotlib/mpl-data/fonts/ttf/DejaVuSans-BoldOblique.ttf', name='DejaVu Sans', style='oblique', variant='normal', weight=700, stretch='normal', size='scalable')) = 1.335
2024-12-14 15:42:23,290 - matplotlib.font_manager - DEBUG - findfont: score(FontEntry(fname='/home/rexionmars/estudos/MakeConciency/.venv/lib/python3.10/site-packages/matplotlib/mpl-data/fonts/ttf/DejaVuSerif.ttf', name='DejaVu Serif', style='normal', variant='normal', weight=400, stretch='normal', size='scalable')) = 10.05
2024-12-14 15:42:23,290 - matplotlib.font_manager - DEBUG - findfont: score(FontEntry(fname='/home/rexionmars/estudos/MakeConciency/.venv/lib/python3.10/site-packages/matplotlib/mpl-data/fonts/ttf/STIXNonUniBolIta.ttf', name='STIXNonUnicode', style='italic', variant='normal', weight=700, stretch='normal', size='scalable')) = 11.335
2024-12-14 15:42:23,290 - matplotlib.font_manager - DEBUG - findfont: score(FontEntry(fname='/home/rexionmars/estudos/MakeConciency/.venv/lib/python3.10/site-packages/matplotlib/mpl-data/fonts/ttf/STIXNonUniBol.ttf', name='STIXNonUnicode', style='normal', variant='normal', weight=700, stretch='normal', size='scalable')) = 10.335
2024-12-14 15:42:23,290 - matplotlib.font_manager - DEBUG - findfont: score(FontEntry(fname='/usr/share/fonts/truetype/dejavu/DejaVuSans.ttf', name='DejaVu Sans', style='normal', variant='normal', weight=400, stretch='normal', size='scalable')) = 0.05
2024-12-14 15:42:23,290 - matplotlib.font_manager - DEBUG - findfont: score(FontEntry(fname='/usr/share/fonts/truetype/ubuntu/UbuntuMono[wght].ttf', name='Ubuntu Mono', style='normal', variant='normal', weight=400, stretch='normal', size='scalable')) = 10.05
2024-12-14 15:42:23,291 - matplotlib.font_manager - DEBUG - findfont: score(FontEntry(fname='/usr/share/fonts/truetype/ubuntu/Ubuntu-RI.ttf', name='Ubuntu', style='italic', variant='normal', weight=400, stretch='normal', size='scalable')) = 11.05
2024-12-14 15:42:23,291 - matplotlib.font_manager - DEBUG - findfont: score(FontEntry(fname='/usr/share/fonts/truetype/dejavu/DejaVuSansMono-Oblique.ttf', name='DejaVu Sans Mono', style='oblique', variant='normal', weight=400, stretch='normal', size='scalable')) = 11.05
2024-12-14 15:42:23,291 - matplotlib.font_manager - DEBUG - findfont: score(FontEntry(fname='/usr/share/fonts/truetype/ubuntu/UbuntuSans-Italic[wdth,wght].ttf', name='Ubuntu Sans', style='italic', variant='normal', weight=400, stretch='normal', size='scalable')) = 11.05
2024-12-14 15:42:23,291 - matplotlib.font_manager - DEBUG - findfont: score(FontEntry(fname='/usr/share/fonts/truetype/ubuntu/Ubuntu-R.ttf', name='Ubuntu', style='normal', variant='normal', weight=400, stretch='normal', size='scalable')) = 10.05
2024-12-14 15:42:23,291 - matplotlib.font_manager - DEBUG - findfont: score(FontEntry(fname='/usr/share/fonts/truetype/ubuntu/UbuntuMono-BI.ttf', name='Ubuntu Mono', style='italic', variant='normal', weight=400, stretch='normal', size='scalable')) = 11.05
2024-12-14 15:42:23,291 - matplotlib.font_manager - DEBUG - findfont: score(FontEntry(fname='/usr/share/fonts/truetype/ubuntu/Ubuntu-Italic[wdth,wght].ttf', name='Ubuntu', style='italic', variant='normal', weight=400, stretch='normal', size='scalable')) = 11.05
2024-12-14 15:42:23,291 - matplotlib.font_manager - DEBUG - findfont: score(FontEntry(fname='/usr/share/fonts/truetype/ubuntu/UbuntuMono-Italic[wght].ttf', name='Ubuntu Mono', style='italic', variant='normal', weight=400, stretch='normal', size='scalable')) = 11.05
2024-12-14 15:42:23,291 - matplotlib.font_manager - DEBUG - findfont: score(FontEntry(fname='/usr/share/fonts/truetype/ubuntu/Ubuntu-L.ttf', name='Ubuntu', style='normal', variant='normal', weight=400, stretch='normal', size='scalable')) = 10.05
2024-12-14 15:42:23,291 - matplotlib.font_manager - DEBUG - findfont: score(FontEntry(fname='/usr/share/fonts/truetype/ubuntu/Ubuntu-C.ttf', name='Ubuntu', style='normal', variant='normal', weight=400, stretch='normal', size='scalable')) = 10.05
2024-12-14 15:42:23,291 - matplotlib.font_manager - DEBUG - findfont: score(FontEntry(fname='/usr/share/fonts/truetype/ubuntu/UbuntuSans[wdth,wght].ttf', name='Ubuntu Sans', style='normal', variant='normal', weight=400, stretch='normal', size='scalable')) = 10.05
2024-12-14 15:42:23,291 - matplotlib.font_manager - DEBUG - findfont: score(FontEntry(fname='/usr/share/fonts/truetype/ubuntu/UbuntuMono-B.ttf', name='Ubuntu Mono', style='normal', variant='normal', weight=400, stretch='normal', size='scalable')) = 10.05
2024-12-14 15:42:23,291 - matplotlib.font_manager - DEBUG - findfont: score(FontEntry(fname='/usr/share/fonts/truetype/dejavu/DejaVuSerif-Bold.ttf', name='DejaVu Serif', style='normal', variant='normal', weight=700, stretch='normal', size='scalable')) = 10.335
2024-12-14 15:42:23,291 - matplotlib.font_manager - DEBUG - findfont: score(FontEntry(fname='/usr/share/fonts/truetype/ubuntu/Ubuntu-MI.ttf', name='Ubuntu', style='italic', variant='normal', weight=400, stretch='normal', size='scalable')) = 11.05
2024-12-14 15:42:23,291 - matplotlib.font_manager - DEBUG - findfont: score(FontEntry(fname='/usr/share/fonts/truetype/dejavu/DejaVuSansMono.ttf', name='DejaVu Sans Mono', style='normal', variant='normal', weight=400, stretch='normal', size='scalable')) = 10.05
2024-12-14 15:42:23,291 - matplotlib.font_manager - DEBUG - findfont: score(FontEntry(fname='/usr/share/fonts/truetype/ubuntu/UbuntuMono-R.ttf', name='Ubuntu Mono', style='normal', variant='normal', weight=400, stretch='normal', size='scalable')) = 10.05
2024-12-14 15:42:23,291 - matplotlib.font_manager - DEBUG - findfont: score(FontEntry(fname='/usr/share/fonts/truetype/ubuntu/Ubuntu[wdth,wght].ttf', name='Ubuntu', style='normal', variant='normal', weight=400, stretch='normal', size='scalable')) = 10.05
2024-12-14 15:42:23,291 - matplotlib.font_manager - DEBUG - findfont: score(FontEntry(fname='/usr/share/fonts/truetype/dejavu/DejaVuSansMono-Bold.ttf', name='DejaVu Sans Mono', style='normal', variant='normal', weight=700, stretch='normal', size='scalable')) = 10.335
2024-12-14 15:42:23,291 - matplotlib.font_manager - DEBUG - findfont: score(FontEntry(fname='/usr/share/fonts/truetype/dejavu/DejaVuSerif.ttf', name='DejaVu Serif', style='normal', variant='normal', weight=400, stretch='normal', size='scalable')) = 10.05
2024-12-14 15:42:23,291 - matplotlib.font_manager - DEBUG - findfont: score(FontEntry(fname='/usr/share/fonts/truetype/ubuntu/Ubuntu-M.ttf', name='Ubuntu', style='normal', variant='normal', weight=400, stretch='normal', size='scalable')) = 10.05
2024-12-14 15:42:23,291 - matplotlib.font_manager - DEBUG - findfont: score(FontEntry(fname='/usr/share/fonts/truetype/ubuntu/Ubuntu-LI.ttf', name='Ubuntu', style='italic', variant='normal', weight=400, stretch='normal', size='scalable')) = 11.05
2024-12-14 15:42:23,291 - matplotlib.font_manager - DEBUG - findfont: score(FontEntry(fname='/usr/share/fonts/truetype/ubuntu/UbuntuSansMono-Italic[wght].ttf', name='Ubuntu Sans Mono', style='italic', variant='normal', weight=400, stretch='normal', size='scalable')) = 11.05
2024-12-14 15:42:23,291 - matplotlib.font_manager - DEBUG - findfont: score(FontEntry(fname='/usr/share/fonts/truetype/ubuntu/UbuntuMono-RI.ttf', name='Ubuntu Mono', style='italic', variant='normal', weight=400, stretch='normal', size='scalable')) = 11.05
2024-12-14 15:42:23,291 - matplotlib.font_manager - DEBUG - findfont: score(FontEntry(fname='/usr/share/fonts/truetype/ubuntu/Ubuntu-Th.ttf', name='Ubuntu', style='normal', variant='normal', weight=400, stretch='normal', size='scalable')) = 10.05
2024-12-14 15:42:23,291 - matplotlib.font_manager - DEBUG - findfont: score(FontEntry(fname='/usr/share/fonts/truetype/dejavu/DejaVuSans-Bold.ttf', name='DejaVu Sans', style='normal', variant='normal', weight=700, stretch='normal', size='scalable')) = 0.33499999999999996
2024-12-14 15:42:23,291 - matplotlib.font_manager - DEBUG - findfont: score(FontEntry(fname='/usr/share/fonts/truetype/ubuntu/Ubuntu-B.ttf', name='Ubuntu', style='normal', variant='normal', weight=400, stretch='normal', size='scalable')) = 10.05
2024-12-14 15:42:23,291 - matplotlib.font_manager - DEBUG - findfont: score(FontEntry(fname='/usr/share/fonts/truetype/ubuntu/UbuntuSansMono[wght].ttf', name='Ubuntu Sans Mono', style='normal', variant='normal', weight=400, stretch='normal', size='scalable')) = 10.05
2024-12-14 15:42:23,292 - matplotlib.font_manager - DEBUG - findfont: score(FontEntry(fname='/usr/share/fonts/truetype/dejavu/DejaVuSansMono-BoldOblique.ttf', name='DejaVu Sans Mono', style='oblique', variant='normal', weight=700, stretch='normal', size='scalable')) = 11.335
2024-12-14 15:42:23,292 - matplotlib.font_manager - DEBUG - findfont: score(FontEntry(fname='/usr/share/fonts/truetype/ubuntu/Ubuntu-BI.ttf', name='Ubuntu', style='italic', variant='normal', weight=400, stretch='normal', size='scalable')) = 11.05
2024-12-14 15:42:23,292 - matplotlib.font_manager - DEBUG - findfont: Matching sans\-serif:style=normal:variant=normal:weight=normal:stretch=normal:size=10.0 to DejaVu Sans ('/home/rexionmars/estudos/MakeConciency/.venv/lib/python3.10/site-packages/matplotlib/mpl-data/fonts/ttf/DejaVuSans.ttf') with score of 0.050000.
2024-12-14 15:42:23,302 - matplotlib.colorbar - DEBUG - locator: <matplotlib.ticker.AutoLocator object at 0x7f14f6c34100>
2024-12-14 15:42:24,102 - matplotlib.font_manager - DEBUG - findfont: Matching sans\-serif:style=normal:variant=normal:weight=normal:stretch=normal:size=12.0.
2024-12-14 15:42:24,102 - matplotlib.font_manager - DEBUG - findfont: score(FontEntry(fname='/home/rexionmars/estudos/MakeConciency/.venv/lib/python3.10/site-packages/matplotlib/mpl-data/fonts/ttf/cmss10.ttf', name='cmss10', style='normal', variant='normal', weight=400, stretch='normal', size='scalable')) = 10.05
2024-12-14 15:42:24,102 - matplotlib.font_manager - DEBUG - findfont: score(FontEntry(fname='/home/rexionmars/estudos/MakeConciency/.venv/lib/python3.10/site-packages/matplotlib/mpl-data/fonts/ttf/cmsy10.ttf', name='cmsy10', style='normal', variant='normal', weight=400, stretch='normal', size='scalable')) = 10.05
2024-12-14 15:42:24,102 - matplotlib.font_manager - DEBUG - findfont: score(FontEntry(fname='/home/rexionmars/estudos/MakeConciency/.venv/lib/python3.10/site-packages/matplotlib/mpl-data/fonts/ttf/cmmi10.ttf', name='cmmi10', style='normal', variant='normal', weight=400, stretch='normal', size='scalable')) = 10.05
2024-12-14 15:42:24,102 - matplotlib.font_manager - DEBUG - findfont: score(FontEntry(fname='/home/rexionmars/estudos/MakeConciency/.venv/lib/python3.10/site-packages/matplotlib/mpl-data/fonts/ttf/STIXGeneralBolIta.ttf', name='STIXGeneral', style='italic', variant='normal', weight=700, stretch='normal', size='scalable')) = 11.335
2024-12-14 15:42:24,102 - matplotlib.font_manager - DEBUG - findfont: score(FontEntry(fname='/home/rexionmars/estudos/MakeConciency/.venv/lib/python3.10/site-packages/matplotlib/mpl-data/fonts/ttf/DejaVuSerif-BoldItalic.ttf', name='DejaVu Serif', style='italic', variant='normal', weight=700, stretch='normal', size='scalable')) = 11.335
2024-12-14 15:42:24,102 - matplotlib.font_manager - DEBUG - findfont: score(FontEntry(fname='/home/rexionmars/estudos/MakeConciency/.venv/lib/python3.10/site-packages/matplotlib/mpl-data/fonts/ttf/DejaVuSansMono-BoldOblique.ttf', name='DejaVu Sans Mono', style='oblique', variant='normal', weight=700, stretch='normal', size='scalable')) = 11.335
2024-12-14 15:42:24,102 - matplotlib.font_manager - DEBUG - findfont: score(FontEntry(fname='/home/rexionmars/estudos/MakeConciency/.venv/lib/python3.10/site-packages/matplotlib/mpl-data/fonts/ttf/STIXSizOneSymReg.ttf', name='STIXSizeOneSym', style='normal', variant='normal', weight=400, stretch='normal', size='scalable')) = 10.05
2024-12-14 15:42:24,102 - matplotlib.font_manager - DEBUG - findfont: score(FontEntry(fname='/home/rexionmars/estudos/MakeConciency/.venv/lib/python3.10/site-packages/matplotlib/mpl-data/fonts/ttf/cmex10.ttf', name='cmex10', style='normal', variant='normal', weight=400, stretch='normal', size='scalable')) = 10.05
2024-12-14 15:42:24,103 - matplotlib.font_manager - DEBUG - findfont: score(FontEntry(fname='/home/rexionmars/estudos/MakeConciency/.venv/lib/python3.10/site-packages/matplotlib/mpl-data/fonts/ttf/DejaVuSerif-Italic.ttf', name='DejaVu Serif', style='italic', variant='normal', weight=400, stretch='normal', size='scalable')) = 11.05
2024-12-14 15:42:24,103 - matplotlib.font_manager - DEBUG - findfont: score(FontEntry(fname='/home/rexionmars/estudos/MakeConciency/.venv/lib/python3.10/site-packages/matplotlib/mpl-data/fonts/ttf/STIXSizFiveSymReg.ttf', name='STIXSizeFiveSym', style='normal', variant='normal', weight=400, stretch='normal', size='scalable')) = 10.05
2024-12-14 15:42:24,103 - matplotlib.font_manager - DEBUG - findfont: score(FontEntry(fname='/home/rexionmars/estudos/MakeConciency/.venv/lib/python3.10/site-packages/matplotlib/mpl-data/fonts/ttf/STIXSizThreeSymBol.ttf', name='STIXSizeThreeSym', style='normal', variant='normal', weight=700, stretch='normal', size='scalable')) = 10.335
2024-12-14 15:42:24,103 - matplotlib.font_manager - DEBUG - findfont: score(FontEntry(fname='/home/rexionmars/estudos/MakeConciency/.venv/lib/python3.10/site-packages/matplotlib/mpl-data/fonts/ttf/STIXSizFourSymBol.ttf', name='STIXSizeFourSym', style='normal', variant='normal', weight=700, stretch='normal', size='scalable')) = 10.335
2024-12-14 15:42:24,103 - matplotlib.font_manager - DEBUG - findfont: score(FontEntry(fname='/home/rexionmars/estudos/MakeConciency/.venv/lib/python3.10/site-packages/matplotlib/mpl-data/fonts/ttf/DejaVuSansMono.ttf', name='DejaVu Sans Mono', style='normal', variant='normal', weight=400, stretch='normal', size='scalable')) = 10.05
2024-12-14 15:42:24,103 - matplotlib.font_manager - DEBUG - findfont: score(FontEntry(fname='/home/rexionmars/estudos/MakeConciency/.venv/lib/python3.10/site-packages/matplotlib/mpl-data/fonts/ttf/cmb10.ttf', name='cmb10', style='normal', variant='normal', weight=400, stretch='normal', size='scalable')) = 10.05
2024-12-14 15:42:24,103 - matplotlib.font_manager - DEBUG - findfont: score(FontEntry(fname='/home/rexionmars/estudos/MakeConciency/.venv/lib/python3.10/site-packages/matplotlib/mpl-data/fonts/ttf/DejaVuSansMono-Oblique.ttf', name='DejaVu Sans Mono', style='oblique', variant='normal', weight=400, stretch='normal', size='scalable')) = 11.05
2024-12-14 15:42:24,103 - matplotlib.font_manager - DEBUG - findfont: score(FontEntry(fname='/home/rexionmars/estudos/MakeConciency/.venv/lib/python3.10/site-packages/matplotlib/mpl-data/fonts/ttf/STIXNonUni.ttf', name='STIXNonUnicode', style='normal', variant='normal', weight=400, stretch='normal', size='scalable')) = 10.05
2024-12-14 15:42:24,103 - matplotlib.font_manager - DEBUG - findfont: score(FontEntry(fname='/home/rexionmars/estudos/MakeConciency/.venv/lib/python3.10/site-packages/matplotlib/mpl-data/fonts/ttf/STIXGeneralItalic.ttf', name='STIXGeneral', style='italic', variant='normal', weight=400, stretch='normal', size='scalable')) = 11.05
2024-12-14 15:42:24,103 - matplotlib.font_manager - DEBUG - findfont: score(FontEntry(fname='/home/rexionmars/estudos/MakeConciency/.venv/lib/python3.10/site-packages/matplotlib/mpl-data/fonts/ttf/STIXGeneral.ttf', name='STIXGeneral', style='normal', variant='normal', weight=400, stretch='normal', size='scalable')) = 10.05
2024-12-14 15:42:24,103 - matplotlib.font_manager - DEBUG - findfont: score(FontEntry(fname='/home/rexionmars/estudos/MakeConciency/.venv/lib/python3.10/site-packages/matplotlib/mpl-data/fonts/ttf/STIXSizTwoSymReg.ttf', name='STIXSizeTwoSym', style='normal', variant='normal', weight=400, stretch='normal', size='scalable')) = 10.05
2024-12-14 15:42:24,103 - matplotlib.font_manager - DEBUG - findfont: score(FontEntry(fname='/home/rexionmars/estudos/MakeConciency/.venv/lib/python3.10/site-packages/matplotlib/mpl-data/fonts/ttf/STIXSizTwoSymBol.ttf', name='STIXSizeTwoSym', style='normal', variant='normal', weight=700, stretch='normal', size='scalable')) = 10.335
2024-12-14 15:42:24,103 - matplotlib.font_manager - DEBUG - findfont: score(FontEntry(fname='/home/rexionmars/estudos/MakeConciency/.venv/lib/python3.10/site-packages/matplotlib/mpl-data/fonts/ttf/STIXSizThreeSymReg.ttf', name='STIXSizeThreeSym', style='normal', variant='normal', weight=400, stretch='normal', size='scalable')) = 10.05
2024-12-14 15:42:24,103 - matplotlib.font_manager - DEBUG - findfont: score(FontEntry(fname='/home/rexionmars/estudos/MakeConciency/.venv/lib/python3.10/site-packages/matplotlib/mpl-data/fonts/ttf/DejaVuSerif-Bold.ttf', name='DejaVu Serif', style='normal', variant='normal', weight=700, stretch='normal', size='scalable')) = 10.335
2024-12-14 15:42:24,103 - matplotlib.font_manager - DEBUG - findfont: score(FontEntry(fname='/home/rexionmars/estudos/MakeConciency/.venv/lib/python3.10/site-packages/matplotlib/mpl-data/fonts/ttf/DejaVuSans-Oblique.ttf', name='DejaVu Sans', style='oblique', variant='normal', weight=400, stretch='normal', size='scalable')) = 1.05
2024-12-14 15:42:24,103 - matplotlib.font_manager - DEBUG - findfont: score(FontEntry(fname='/home/rexionmars/estudos/MakeConciency/.venv/lib/python3.10/site-packages/matplotlib/mpl-data/fonts/ttf/STIXSizFourSymReg.ttf', name='STIXSizeFourSym', style='normal', variant='normal', weight=400, stretch='normal', size='scalable')) = 10.05
2024-12-14 15:42:24,103 - matplotlib.font_manager - DEBUG - findfont: score(FontEntry(fname='/home/rexionmars/estudos/MakeConciency/.venv/lib/python3.10/site-packages/matplotlib/mpl-data/fonts/ttf/DejaVuSansDisplay.ttf', name='DejaVu Sans Display', style='normal', variant='normal', weight=400, stretch='normal', size='scalable')) = 10.05
2024-12-14 15:42:24,103 - matplotlib.font_manager - DEBUG - findfont: score(FontEntry(fname='/home/rexionmars/estudos/MakeConciency/.venv/lib/python3.10/site-packages/matplotlib/mpl-data/fonts/ttf/DejaVuSans-Bold.ttf', name='DejaVu Sans', style='normal', variant='normal', weight=700, stretch='normal', size='scalable')) = 0.33499999999999996
2024-12-14 15:42:24,103 - matplotlib.font_manager - DEBUG - findfont: score(FontEntry(fname='/home/rexionmars/estudos/MakeConciency/.venv/lib/python3.10/site-packages/matplotlib/mpl-data/fonts/ttf/DejaVuSans.ttf', name='DejaVu Sans', style='normal', variant='normal', weight=400, stretch='normal', size='scalable')) = 0.05
2024-12-14 15:42:24,103 - matplotlib.font_manager - DEBUG - findfont: score(FontEntry(fname='/home/rexionmars/estudos/MakeConciency/.venv/lib/python3.10/site-packages/matplotlib/mpl-data/fonts/ttf/STIXNonUniIta.ttf', name='STIXNonUnicode', style='italic', variant='normal', weight=400, stretch='normal', size='scalable')) = 11.05
2024-12-14 15:42:24,103 - matplotlib.font_manager - DEBUG - findfont: score(FontEntry(fname='/home/rexionmars/estudos/MakeConciency/.venv/lib/python3.10/site-packages/matplotlib/mpl-data/fonts/ttf/DejaVuSansMono-Bold.ttf', name='DejaVu Sans Mono', style='normal', variant='normal', weight=700, stretch='normal', size='scalable')) = 10.335
2024-12-14 15:42:24,103 - matplotlib.font_manager - DEBUG - findfont: score(FontEntry(fname='/home/rexionmars/estudos/MakeConciency/.venv/lib/python3.10/site-packages/matplotlib/mpl-data/fonts/ttf/DejaVuSerifDisplay.ttf', name='DejaVu Serif Display', style='normal', variant='normal', weight=400, stretch='normal', size='scalable')) = 10.05
2024-12-14 15:42:24,103 - matplotlib.font_manager - DEBUG - findfont: score(FontEntry(fname='/home/rexionmars/estudos/MakeConciency/.venv/lib/python3.10/site-packages/matplotlib/mpl-data/fonts/ttf/cmtt10.ttf', name='cmtt10', style='normal', variant='normal', weight=400, stretch='normal', size='scalable')) = 10.05
2024-12-14 15:42:24,103 - matplotlib.font_manager - DEBUG - findfont: score(FontEntry(fname='/home/rexionmars/estudos/MakeConciency/.venv/lib/python3.10/site-packages/matplotlib/mpl-data/fonts/ttf/STIXSizOneSymBol.ttf', name='STIXSizeOneSym', style='normal', variant='normal', weight=700, stretch='normal', size='scalable')) = 10.335
2024-12-14 15:42:24,103 - matplotlib.font_manager - DEBUG - findfont: score(FontEntry(fname='/home/rexionmars/estudos/MakeConciency/.venv/lib/python3.10/site-packages/matplotlib/mpl-data/fonts/ttf/STIXGeneralBol.ttf', name='STIXGeneral', style='normal', variant='normal', weight=700, stretch='normal', size='scalable')) = 10.335
2024-12-14 15:42:24,104 - matplotlib.font_manager - DEBUG - findfont: score(FontEntry(fname='/home/rexionmars/estudos/MakeConciency/.venv/lib/python3.10/site-packages/matplotlib/mpl-data/fonts/ttf/cmr10.ttf', name='cmr10', style='normal', variant='normal', weight=400, stretch='normal', size='scalable')) = 10.05
2024-12-14 15:42:24,104 - matplotlib.font_manager - DEBUG - findfont: score(FontEntry(fname='/home/rexionmars/estudos/MakeConciency/.venv/lib/python3.10/site-packages/matplotlib/mpl-data/fonts/ttf/DejaVuSans-BoldOblique.ttf', name='DejaVu Sans', style='oblique', variant='normal', weight=700, stretch='normal', size='scalable')) = 1.335
2024-12-14 15:42:24,104 - matplotlib.font_manager - DEBUG - findfont: score(FontEntry(fname='/home/rexionmars/estudos/MakeConciency/.venv/lib/python3.10/site-packages/matplotlib/mpl-data/fonts/ttf/DejaVuSerif.ttf', name='DejaVu Serif', style='normal', variant='normal', weight=400, stretch='normal', size='scalable')) = 10.05
2024-12-14 15:42:24,104 - matplotlib.font_manager - DEBUG - findfont: score(FontEntry(fname='/home/rexionmars/estudos/MakeConciency/.venv/lib/python3.10/site-packages/matplotlib/mpl-data/fonts/ttf/STIXNonUniBolIta.ttf', name='STIXNonUnicode', style='italic', variant='normal', weight=700, stretch='normal', size='scalable')) = 11.335
2024-12-14 15:42:24,104 - matplotlib.font_manager - DEBUG - findfont: score(FontEntry(fname='/home/rexionmars/estudos/MakeConciency/.venv/lib/python3.10/site-packages/matplotlib/mpl-data/fonts/ttf/STIXNonUniBol.ttf', name='STIXNonUnicode', style='normal', variant='normal', weight=700, stretch='normal', size='scalable')) = 10.335
2024-12-14 15:42:24,104 - matplotlib.font_manager - DEBUG - findfont: score(FontEntry(fname='/usr/share/fonts/truetype/dejavu/DejaVuSans.ttf', name='DejaVu Sans', style='normal', variant='normal', weight=400, stretch='normal', size='scalable')) = 0.05
2024-12-14 15:42:24,104 - matplotlib.font_manager - DEBUG - findfont: score(FontEntry(fname='/usr/share/fonts/truetype/ubuntu/UbuntuMono[wght].ttf', name='Ubuntu Mono', style='normal', variant='normal', weight=400, stretch='normal', size='scalable')) = 10.05
2024-12-14 15:42:24,104 - matplotlib.font_manager - DEBUG - findfont: score(FontEntry(fname='/usr/share/fonts/truetype/ubuntu/Ubuntu-RI.ttf', name='Ubuntu', style='italic', variant='normal', weight=400, stretch='normal', size='scalable')) = 11.05
2024-12-14 15:42:24,104 - matplotlib.font_manager - DEBUG - findfont: score(FontEntry(fname='/usr/share/fonts/truetype/dejavu/DejaVuSansMono-Oblique.ttf', name='DejaVu Sans Mono', style='oblique', variant='normal', weight=400, stretch='normal', size='scalable')) = 11.05
2024-12-14 15:42:24,104 - matplotlib.font_manager - DEBUG - findfont: score(FontEntry(fname='/usr/share/fonts/truetype/ubuntu/UbuntuSans-Italic[wdth,wght].ttf', name='Ubuntu Sans', style='italic', variant='normal', weight=400, stretch='normal', size='scalable')) = 11.05
2024-12-14 15:42:24,104 - matplotlib.font_manager - DEBUG - findfont: score(FontEntry(fname='/usr/share/fonts/truetype/ubuntu/Ubuntu-R.ttf', name='Ubuntu', style='normal', variant='normal', weight=400, stretch='normal', size='scalable')) = 10.05
2024-12-14 15:42:24,104 - matplotlib.font_manager - DEBUG - findfont: score(FontEntry(fname='/usr/share/fonts/truetype/ubuntu/UbuntuMono-BI.ttf', name='Ubuntu Mono', style='italic', variant='normal', weight=400, stretch='normal', size='scalable')) = 11.05
2024-12-14 15:42:24,104 - matplotlib.font_manager - DEBUG - findfont: score(FontEntry(fname='/usr/share/fonts/truetype/ubuntu/Ubuntu-Italic[wdth,wght].ttf', name='Ubuntu', style='italic', variant='normal', weight=400, stretch='normal', size='scalable')) = 11.05
2024-12-14 15:42:24,104 - matplotlib.font_manager - DEBUG - findfont: score(FontEntry(fname='/usr/share/fonts/truetype/ubuntu/UbuntuMono-Italic[wght].ttf', name='Ubuntu Mono', style='italic', variant='normal', weight=400, stretch='normal', size='scalable')) = 11.05
2024-12-14 15:42:24,104 - matplotlib.font_manager - DEBUG - findfont: score(FontEntry(fname='/usr/share/fonts/truetype/ubuntu/Ubuntu-L.ttf', name='Ubuntu', style='normal', variant='normal', weight=400, stretch='normal', size='scalable')) = 10.05
2024-12-14 15:42:24,104 - matplotlib.font_manager - DEBUG - findfont: score(FontEntry(fname='/usr/share/fonts/truetype/ubuntu/Ubuntu-C.ttf', name='Ubuntu', style='normal', variant='normal', weight=400, stretch='normal', size='scalable')) = 10.05
2024-12-14 15:42:24,104 - matplotlib.font_manager - DEBUG - findfont: score(FontEntry(fname='/usr/share/fonts/truetype/ubuntu/UbuntuSans[wdth,wght].ttf', name='Ubuntu Sans', style='normal', variant='normal', weight=400, stretch='normal', size='scalable')) = 10.05
2024-12-14 15:42:24,104 - matplotlib.font_manager - DEBUG - findfont: score(FontEntry(fname='/usr/share/fonts/truetype/ubuntu/UbuntuMono-B.ttf', name='Ubuntu Mono', style='normal', variant='normal', weight=400, stretch='normal', size='scalable')) = 10.05
2024-12-14 15:42:24,104 - matplotlib.font_manager - DEBUG - findfont: score(FontEntry(fname='/usr/share/fonts/truetype/dejavu/DejaVuSerif-Bold.ttf', name='DejaVu Serif', style='normal', variant='normal', weight=700, stretch='normal', size='scalable')) = 10.335
2024-12-14 15:42:24,104 - matplotlib.font_manager - DEBUG - findfont: score(FontEntry(fname='/usr/share/fonts/truetype/ubuntu/Ubuntu-MI.ttf', name='Ubuntu', style='italic', variant='normal', weight=400, stretch='normal', size='scalable')) = 11.05
2024-12-14 15:42:24,104 - matplotlib.font_manager - DEBUG - findfont: score(FontEntry(fname='/usr/share/fonts/truetype/dejavu/DejaVuSansMono.ttf', name='DejaVu Sans Mono', style='normal', variant='normal', weight=400, stretch='normal', size='scalable')) = 10.05
2024-12-14 15:42:24,104 - matplotlib.font_manager - DEBUG - findfont: score(FontEntry(fname='/usr/share/fonts/truetype/ubuntu/UbuntuMono-R.ttf', name='Ubuntu Mono', style='normal', variant='normal', weight=400, stretch='normal', size='scalable')) = 10.05
2024-12-14 15:42:24,104 - matplotlib.font_manager - DEBUG - findfont: score(FontEntry(fname='/usr/share/fonts/truetype/ubuntu/Ubuntu[wdth,wght].ttf', name='Ubuntu', style='normal', variant='normal', weight=400, stretch='normal', size='scalable')) = 10.05
2024-12-14 15:42:24,104 - matplotlib.font_manager - DEBUG - findfont: score(FontEntry(fname='/usr/share/fonts/truetype/dejavu/DejaVuSansMono-Bold.ttf', name='DejaVu Sans Mono', style='normal', variant='normal', weight=700, stretch='normal', size='scalable')) = 10.335
2024-12-14 15:42:24,104 - matplotlib.font_manager - DEBUG - findfont: score(FontEntry(fname='/usr/share/fonts/truetype/dejavu/DejaVuSerif.ttf', name='DejaVu Serif', style='normal', variant='normal', weight=400, stretch='normal', size='scalable')) = 10.05
2024-12-14 15:42:24,105 - matplotlib.font_manager - DEBUG - findfont: score(FontEntry(fname='/usr/share/fonts/truetype/ubuntu/Ubuntu-M.ttf', name='Ubuntu', style='normal', variant='normal', weight=400, stretch='normal', size='scalable')) = 10.05
2024-12-14 15:42:24,105 - matplotlib.font_manager - DEBUG - findfont: score(FontEntry(fname='/usr/share/fonts/truetype/ubuntu/Ubuntu-LI.ttf', name='Ubuntu', style='italic', variant='normal', weight=400, stretch='normal', size='scalable')) = 11.05
2024-12-14 15:42:24,105 - matplotlib.font_manager - DEBUG - findfont: score(FontEntry(fname='/usr/share/fonts/truetype/ubuntu/UbuntuSansMono-Italic[wght].ttf', name='Ubuntu Sans Mono', style='italic', variant='normal', weight=400, stretch='normal', size='scalable')) = 11.05
2024-12-14 15:42:24,105 - matplotlib.font_manager - DEBUG - findfont: score(FontEntry(fname='/usr/share/fonts/truetype/ubuntu/UbuntuMono-RI.ttf', name='Ubuntu Mono', style='italic', variant='normal', weight=400, stretch='normal', size='scalable')) = 11.05
2024-12-14 15:42:24,105 - matplotlib.font_manager - DEBUG - findfont: score(FontEntry(fname='/usr/share/fonts/truetype/ubuntu/Ubuntu-Th.ttf', name='Ubuntu', style='normal', variant='normal', weight=400, stretch='normal', size='scalable')) = 10.05
2024-12-14 15:42:24,105 - matplotlib.font_manager - DEBUG - findfont: score(FontEntry(fname='/usr/share/fonts/truetype/dejavu/DejaVuSans-Bold.ttf', name='DejaVu Sans', style='normal', variant='normal', weight=700, stretch='normal', size='scalable')) = 0.33499999999999996
2024-12-14 15:42:24,105 - matplotlib.font_manager - DEBUG - findfont: score(FontEntry(fname='/usr/share/fonts/truetype/ubuntu/Ubuntu-B.ttf', name='Ubuntu', style='normal', variant='normal', weight=400, stretch='normal', size='scalable')) = 10.05
2024-12-14 15:42:24,105 - matplotlib.font_manager - DEBUG - findfont: score(FontEntry(fname='/usr/share/fonts/truetype/ubuntu/UbuntuSansMono[wght].ttf', name='Ubuntu Sans Mono', style='normal', variant='normal', weight=400, stretch='normal', size='scalable')) = 10.05
2024-12-14 15:42:24,105 - matplotlib.font_manager - DEBUG - findfont: score(FontEntry(fname='/usr/share/fonts/truetype/dejavu/DejaVuSansMono-BoldOblique.ttf', name='DejaVu Sans Mono', style='oblique', variant='normal', weight=700, stretch='normal', size='scalable')) = 11.335
2024-12-14 15:42:24,105 - matplotlib.font_manager - DEBUG - findfont: score(FontEntry(fname='/usr/share/fonts/truetype/ubuntu/Ubuntu-BI.ttf', name='Ubuntu', style='italic', variant='normal', weight=400, stretch='normal', size='scalable')) = 11.05
2024-12-14 15:42:24,105 - matplotlib.font_manager - DEBUG - findfont: Matching sans\-serif:style=normal:variant=normal:weight=normal:stretch=normal:size=12.0 to DejaVu Sans ('/home/rexionmars/estudos/MakeConciency/.venv/lib/python3.10/site-packages/matplotlib/mpl-data/fonts/ttf/DejaVuSans.ttf') with score of 0.050000.
2024-12-14 15:42:25,489 - __main__ - INFO - Completed timestep 0
2024-12-14 15:42:25,562 - matplotlib.colorbar - DEBUG - locator: <matplotlib.ticker.AutoLocator object at 0x7f14f362aa70>
2024-12-14 15:42:27,714 - __main__ - INFO - Completed timestep 100
2024-12-14 15:42:27,778 - matplotlib.colorbar - DEBUG - locator: <matplotlib.ticker.AutoLocator object at 0x7f14f41885e0>
2024-12-14 15:42:29,906 - __main__ - INFO - Completed timestep 200
2024-12-14 15:42:29,967 - matplotlib.colorbar - DEBUG - locator: <matplotlib.ticker.AutoLocator object at 0x7f14f2ceadd0>
2024-12-14 15:42:32,103 - __main__ - INFO - Completed timestep 300
2024-12-14 15:42:32,154 - matplotlib.colorbar - DEBUG - locator: <matplotlib.ticker.AutoLocator object at 0x7f14f3750910>
2024-12-14 15:42:34,283 - __main__ - INFO - Completed timestep 400
2024-12-14 15:42:34,333 - matplotlib.colorbar - DEBUG - locator: <matplotlib.ticker.AutoLocator object at 0x7f14f479df00>
2024-12-14 15:42:36,507 - __main__ - INFO - Completed timestep 500
2024-12-14 15:42:36,559 - matplotlib.colorbar - DEBUG - locator: <matplotlib.ticker.AutoLocator object at 0x7f14f409fc10>
2024-12-14 15:42:38,712 - __main__ - INFO - Completed timestep 600
2024-12-14 15:42:38,765 - matplotlib.colorbar - DEBUG - locator: <matplotlib.ticker.AutoLocator object at 0x7f14f6c35330>
2024-12-14 15:42:40,921 - __main__ - INFO - Completed timestep 700
2024-12-14 15:42:40,974 - matplotlib.colorbar - DEBUG - locator: <matplotlib.ticker.AutoLocator object at 0x7f14f341d360>
2024-12-14 15:42:43,113 - __main__ - INFO - Completed timestep 800
2024-12-14 15:42:43,166 - matplotlib.colorbar - DEBUG - locator: <matplotlib.ticker.AutoLocator object at 0x7f14f36e6470>
2024-12-14 15:42:45,272 - __main__ - INFO - Completed timestep 900
2024-12-14 15:42:45,325 - matplotlib.colorbar - DEBUG - locator: <matplotlib.ticker.AutoLocator object at 0x7f14f41c5240>
2024-12-14 15:42:46,309 - __main__ - INFO - Completed timestep 1000
2024-12-14 15:42:46,416 - matplotlib.colorbar - DEBUG - locator: <matplotlib.ticker.AutoLocator object at 0x7f14f4015630>
2024-12-14 15:42:48,532 - __main__ - INFO - Completed timestep 1100
2024-12-14 15:42:48,583 - matplotlib.colorbar - DEBUG - locator: <matplotlib.ticker.AutoLocator object at 0x7f14f44c5ff0>
2024-12-14 15:42:50,693 - __main__ - INFO - Completed timestep 1200
2024-12-14 15:42:50,744 - matplotlib.colorbar - DEBUG - locator: <matplotlib.ticker.AutoLocator object at 0x7f14f31ccc70>
2024-12-14 15:42:52,886 - __main__ - INFO - Completed timestep 1300
2024-12-14 15:42:52,935 - matplotlib.colorbar - DEBUG - locator: <matplotlib.ticker.AutoLocator object at 0x7f14f34822f0>
2024-12-14 15:42:55,048 - __main__ - INFO - Completed timestep 1400
2024-12-14 15:42:55,098 - matplotlib.colorbar - DEBUG - locator: <matplotlib.ticker.AutoLocator object at 0x7f14f367e6e0>
2024-12-14 15:42:57,213 - __main__ - INFO - Completed timestep 1500
2024-12-14 15:42:57,263 - matplotlib.colorbar - DEBUG - locator: <matplotlib.ticker.AutoLocator object at 0x7f14f47c5fc0>
2024-12-14 15:42:59,450 - __main__ - INFO - Completed timestep 1600
2024-12-14 15:42:59,501 - matplotlib.colorbar - DEBUG - locator: <matplotlib.ticker.AutoLocator object at 0x7f14f3629fc0>
2024-12-14 15:43:01,660 - __main__ - INFO - Completed timestep 1700
2024-12-14 15:43:01,712 - matplotlib.colorbar - DEBUG - locator: <matplotlib.ticker.AutoLocator object at 0x7f14f4070430>
2024-12-14 15:43:03,844 - __main__ - INFO - Completed timestep 1800
2024-12-14 15:43:03,896 - matplotlib.colorbar - DEBUG - locator: <matplotlib.ticker.AutoLocator object at 0x7f14f480f3d0>
2024-12-14 15:43:05,985 - __main__ - INFO - Completed timestep 1900
2024-12-14 15:43:06,038 - matplotlib.colorbar - DEBUG - locator: <matplotlib.ticker.AutoLocator object at 0x7f14f4849990>
2024-12-14 15:43:08,189 - __main__ - INFO - Completed timestep 2000
2024-12-14 15:43:08,242 - matplotlib.colorbar - DEBUG - locator: <matplotlib.ticker.AutoLocator object at 0x7f14f2e96f50>
2024-12-14 15:43:10,390 - __main__ - INFO - Completed timestep 2100
2024-12-14 15:43:10,441 - matplotlib.colorbar - DEBUG - locator: <matplotlib.ticker.AutoLocator object at 0x7f14f4400580>
2024-12-14 15:43:12,620 - __main__ - INFO - Completed timestep 2200
2024-12-14 15:43:12,671 - matplotlib.colorbar - DEBUG - locator: <matplotlib.ticker.AutoLocator object at 0x7f14f2eabcd0>
2024-12-14 15:43:14,809 - __main__ - INFO - Completed timestep 2300
2024-12-14 15:43:14,859 - matplotlib.colorbar - DEBUG - locator: <matplotlib.ticker.AutoLocator object at 0x7f14f425e860>
2024-12-14 15:43:16,974 - __main__ - INFO - Completed timestep 2400
2024-12-14 15:43:17,027 - matplotlib.colorbar - DEBUG - locator: <matplotlib.ticker.AutoLocator object at 0x7f14f34cba60>
2024-12-14 15:43:18,060 - __main__ - INFO - Completed timestep 2500
2024-12-14 15:43:18,110 - matplotlib.colorbar - DEBUG - locator: <matplotlib.ticker.AutoLocator object at 0x7f14f418a200>
2024-12-14 15:43:20,255 - __main__ - INFO - Completed timestep 2600
2024-12-14 15:43:20,307 - matplotlib.colorbar - DEBUG - locator: <matplotlib.ticker.AutoLocator object at 0x7f14f4771240>
2024-12-14 15:43:22,429 - __main__ - INFO - Completed timestep 2700
2024-12-14 15:43:22,481 - matplotlib.colorbar - DEBUG - locator: <matplotlib.ticker.AutoLocator object at 0x7f14f31a5a50>
2024-12-14 15:43:24,603 - __main__ - INFO - Completed timestep 2800
2024-12-14 15:43:24,654 - matplotlib.colorbar - DEBUG - locator: <matplotlib.ticker.AutoLocator object at 0x7f14f2e94df0>
2024-12-14 15:43:26,841 - __main__ - INFO - Completed timestep 2900
2024-12-14 15:43:26,893 - matplotlib.colorbar - DEBUG - locator: <matplotlib.ticker.AutoLocator object at 0x7f14f43a47f0>
2024-12-14 15:43:29,054 - __main__ - INFO - Completed timestep 3000
2024-12-14 15:43:29,108 - matplotlib.colorbar - DEBUG - locator: <matplotlib.ticker.AutoLocator object at 0x7f14f2dcf1c0>
2024-12-14 15:43:31,301 - __main__ - INFO - Completed timestep 3100
2024-12-14 15:43:31,352 - matplotlib.colorbar - DEBUG - locator: <matplotlib.ticker.AutoLocator object at 0x7f14f47179a0>
2024-12-14 15:43:33,522 - __main__ - INFO - Completed timestep 3200
2024-12-14 15:43:33,573 - matplotlib.colorbar - DEBUG - locator: <matplotlib.ticker.AutoLocator object at 0x7f14f2dc1fc0>
2024-12-14 15:43:35,722 - __main__ - INFO - Completed timestep 3300
2024-12-14 15:43:35,773 - matplotlib.colorbar - DEBUG - locator: <matplotlib.ticker.AutoLocator object at 0x7f14f302d000>
2024-12-14 15:43:37,874 - __main__ - INFO - Completed timestep 3400
2024-12-14 15:43:37,923 - matplotlib.colorbar - DEBUG - locator: <matplotlib.ticker.AutoLocator object at 0x7f14f2d45a50>
2024-12-14 15:43:40,080 - __main__ - INFO - Completed timestep 3500
2024-12-14 15:43:40,131 - matplotlib.colorbar - DEBUG - locator: <matplotlib.ticker.AutoLocator object at 0x7f14f473fc40>
2024-12-14 15:43:42,278 - __main__ - INFO - Completed timestep 3600
2024-12-14 15:43:42,329 - matplotlib.colorbar - DEBUG - locator: <matplotlib.ticker.AutoLocator object at 0x7f14f48a4af0>
2024-12-14 15:43:44,453 - __main__ - INFO - Completed timestep 3700
2024-12-14 15:43:44,503 - matplotlib.colorbar - DEBUG - locator: <matplotlib.ticker.AutoLocator object at 0x7f14f40d1d50>
2024-12-14 15:43:46,589 - __main__ - INFO - Completed timestep 3800
2024-12-14 15:43:46,638 - matplotlib.colorbar - DEBUG - locator: <matplotlib.ticker.AutoLocator object at 0x7f14f409ea10>
2024-12-14 15:43:48,710 - __main__ - INFO - Completed timestep 3900
2024-12-14 15:43:48,760 - matplotlib.colorbar - DEBUG - locator: <matplotlib.ticker.AutoLocator object at 0x7f14f349e5c0>
2024-12-14 15:43:49,812 - __main__ - INFO - Completed timestep 4000
2024-12-14 15:43:49,862 - matplotlib.colorbar - DEBUG - locator: <matplotlib.ticker.AutoLocator object at 0x7f14f367f3d0>
2024-12-14 15:43:51,958 - __main__ - INFO - Completed timestep 4100
2024-12-14 15:43:52,011 - matplotlib.colorbar - DEBUG - locator: <matplotlib.ticker.AutoLocator object at 0x7f14f3635cc0>
2024-12-14 15:43:54,194 - __main__ - INFO - Completed timestep 4200
2024-12-14 15:43:54,250 - matplotlib.colorbar - DEBUG - locator: <matplotlib.ticker.AutoLocator object at 0x7f14f425eb30>
2024-12-14 15:43:56,405 - __main__ - INFO - Completed timestep 4300
2024-12-14 15:43:56,456 - matplotlib.colorbar - DEBUG - locator: <matplotlib.ticker.AutoLocator object at 0x7f14f2d9f850>
2024-12-14 15:43:58,621 - __main__ - INFO - Completed timestep 4400
2024-12-14 15:43:58,674 - matplotlib.colorbar - DEBUG - locator: <matplotlib.ticker.AutoLocator object at 0x7f14f4346140>
2024-12-14 15:44:00,829 - __main__ - INFO - Completed timestep 4500
2024-12-14 15:44:00,883 - matplotlib.colorbar - DEBUG - locator: <matplotlib.ticker.AutoLocator object at 0x7f14f2dfc760>
2024-12-14 15:44:03,093 - __main__ - INFO - Completed timestep 4600
2024-12-14 15:44:03,146 - matplotlib.colorbar - DEBUG - locator: <matplotlib.ticker.AutoLocator object at 0x7f14f4346bf0>
2024-12-14 15:44:05,362 - __main__ - INFO - Completed timestep 4700
2024-12-14 15:44:05,413 - matplotlib.colorbar - DEBUG - locator: <matplotlib.ticker.AutoLocator object at 0x7f14f486cca0>
2024-12-14 15:44:07,593 - __main__ - INFO - Completed timestep 4800
2024-12-14 15:44:07,645 - matplotlib.colorbar - DEBUG - locator: <matplotlib.ticker.AutoLocator object at 0x7f14f31297b0>
2024-12-14 15:44:09,888 - __main__ - INFO - Completed timestep 4900
2024-12-14 15:44:09,942 - matplotlib.colorbar - DEBUG - locator: <matplotlib.ticker.AutoLocator object at 0x7f14f4385f30>
2024-12-14 15:44:12,121 - __main__ - INFO - Completed timestep 5000
2024-12-14 15:44:12,173 - matplotlib.colorbar - DEBUG - locator: <matplotlib.ticker.AutoLocator object at 0x7f14f349ff10>
2024-12-14 15:44:14,374 - __main__ - INFO - Completed timestep 5100
2024-12-14 15:44:14,427 - matplotlib.colorbar - DEBUG - locator: <matplotlib.ticker.AutoLocator object at 0x7f14f302c730>
2024-12-14 15:44:16,589 - __main__ - INFO - Completed timestep 5200
2024-12-14 15:44:16,640 - matplotlib.colorbar - DEBUG - locator: <matplotlib.ticker.AutoLocator object at 0x7f14f3fe0400>
2024-12-14 15:44:18,747 - __main__ - INFO - Completed timestep 5300
2024-12-14 15:44:18,797 - matplotlib.colorbar - DEBUG - locator: <matplotlib.ticker.AutoLocator object at 0x7f14f473e740>
2024-12-14 15:44:19,831 - __main__ - INFO - Completed timestep 5400
2024-12-14 15:44:19,881 - matplotlib.colorbar - DEBUG - locator: <matplotlib.ticker.AutoLocator object at 0x7f14f4468550>
2024-12-14 15:44:21,996 - __main__ - INFO - Completed timestep 5500
2024-12-14 15:44:22,046 - matplotlib.colorbar - DEBUG - locator: <matplotlib.ticker.AutoLocator object at 0x7f14f3383b80>
2024-12-14 15:44:24,246 - __main__ - INFO - Completed timestep 5600
2024-12-14 15:44:24,301 - matplotlib.colorbar - DEBUG - locator: <matplotlib.ticker.AutoLocator object at 0x7f14f33a2800>
2024-12-14 15:44:26,527 - __main__ - INFO - Completed timestep 5700
2024-12-14 15:44:26,579 - matplotlib.colorbar - DEBUG - locator: <matplotlib.ticker.AutoLocator object at 0x7f14f6c368c0>
2024-12-14 15:44:28,809 - __main__ - INFO - Completed timestep 5800
2024-12-14 15:44:28,863 - matplotlib.colorbar - DEBUG - locator: <matplotlib.ticker.AutoLocator object at 0x7f14f4406650>
2024-12-14 15:44:31,084 - __main__ - INFO - Completed timestep 5900
2024-12-14 15:44:31,142 - matplotlib.colorbar - DEBUG - locator: <matplotlib.ticker.AutoLocator object at 0x7f14f3381240>
2024-12-14 15:44:33,327 - __main__ - INFO - Completed timestep 6000
2024-12-14 15:44:33,385 - matplotlib.colorbar - DEBUG - locator: <matplotlib.ticker.AutoLocator object at 0x7f14f4a730d0>
2024-12-14 15:44:35,570 - __main__ - INFO - Completed timestep 6100
2024-12-14 15:44:35,624 - matplotlib.colorbar - DEBUG - locator: <matplotlib.ticker.AutoLocator object at 0x7f14f349e050>
2024-12-14 15:44:37,784 - __main__ - INFO - Completed timestep 6200
2024-12-14 15:44:37,836 - matplotlib.colorbar - DEBUG - locator: <matplotlib.ticker.AutoLocator object at 0x7f14f3735540>
2024-12-14 15:44:40,066 - __main__ - INFO - Completed timestep 6300
2024-12-14 15:44:40,118 - matplotlib.colorbar - DEBUG - locator: <matplotlib.ticker.AutoLocator object at 0x7f14f49a56f0>
2024-12-14 15:44:42,299 - __main__ - INFO - Completed timestep 6400
2024-12-14 15:44:42,350 - matplotlib.colorbar - DEBUG - locator: <matplotlib.ticker.AutoLocator object at 0x7f14f4386a10>
2024-12-14 15:44:44,513 - __main__ - INFO - Completed timestep 6500
2024-12-14 15:44:44,564 - matplotlib.colorbar - DEBUG - locator: <matplotlib.ticker.AutoLocator object at 0x7f14f4003790>
2024-12-14 15:44:46,733 - __main__ - INFO - Completed timestep 6600
2024-12-14 15:44:46,785 - matplotlib.colorbar - DEBUG - locator: <matplotlib.ticker.AutoLocator object at 0x7f14f493f850>
2024-12-14 15:44:48,954 - __main__ - INFO - Completed timestep 6700
2024-12-14 15:44:49,005 - matplotlib.colorbar - DEBUG - locator: <matplotlib.ticker.AutoLocator object at 0x7f14f349e350>
2024-12-14 15:44:51,143 - __main__ - INFO - Completed timestep 6800
2024-12-14 15:44:51,192 - matplotlib.colorbar - DEBUG - locator: <matplotlib.ticker.AutoLocator object at 0x7f14f493df00>
2024-12-14 15:44:52,221 - __main__ - INFO - Completed timestep 6900
2024-12-14 15:44:52,270 - matplotlib.colorbar - DEBUG - locator: <matplotlib.ticker.AutoLocator object at 0x7f14f4976170>
2024-12-14 15:44:54,421 - __main__ - INFO - Completed timestep 7000
2024-12-14 15:44:54,474 - matplotlib.colorbar - DEBUG - locator: <matplotlib.ticker.AutoLocator object at 0x7f14f312a890>
2024-12-14 15:44:56,612 - __main__ - INFO - Completed timestep 7100
2024-12-14 15:44:56,665 - matplotlib.colorbar - DEBUG - locator: <matplotlib.ticker.AutoLocator object at 0x7f14f4145e40>
2024-12-14 15:44:58,803 - __main__ - INFO - Completed timestep 7200
2024-12-14 15:44:58,858 - matplotlib.colorbar - DEBUG - locator: <matplotlib.ticker.AutoLocator object at 0x7f14f43a7520>
2024-12-14 15:45:01,054 - __main__ - INFO - Completed timestep 7300
2024-12-14 15:45:01,111 - matplotlib.colorbar - DEBUG - locator: <matplotlib.ticker.AutoLocator object at 0x7f14f3fe3e80>
2024-12-14 15:45:03,299 - __main__ - INFO - Completed timestep 7400
2024-12-14 15:45:03,352 - matplotlib.colorbar - DEBUG - locator: <matplotlib.ticker.AutoLocator object at 0x7f14f31cf700>
2024-12-14 15:45:05,556 - __main__ - INFO - Completed timestep 7500
2024-12-14 15:45:05,608 - matplotlib.colorbar - DEBUG - locator: <matplotlib.ticker.AutoLocator object at 0x7f14f2b939a0>
2024-12-14 15:45:07,838 - __main__ - INFO - Completed timestep 7600
2024-12-14 15:45:07,892 - matplotlib.colorbar - DEBUG - locator: <matplotlib.ticker.AutoLocator object at 0x7f14f43859c0>
2024-12-14 15:45:10,073 - __main__ - INFO - Completed timestep 7700
2024-12-14 15:45:10,125 - matplotlib.colorbar - DEBUG - locator: <matplotlib.ticker.AutoLocator object at 0x7f14f2d46da0>
2024-12-14 15:45:12,308 - __main__ - INFO - Completed timestep 7800
2024-12-14 15:45:12,362 - matplotlib.colorbar - DEBUG - locator: <matplotlib.ticker.AutoLocator object at 0x7f14f3650be0>
2024-12-14 15:45:14,573 - __main__ - INFO - Completed timestep 7900
2024-12-14 15:45:14,625 - matplotlib.colorbar - DEBUG - locator: <matplotlib.ticker.AutoLocator object at 0x7f14f2fcc820>
2024-12-14 15:45:16,804 - __main__ - INFO - Completed timestep 8000
2024-12-14 15:45:16,858 - matplotlib.colorbar - DEBUG - locator: <matplotlib.ticker.AutoLocator object at 0x7f14f2dfe950>
2024-12-14 15:45:19,028 - __main__ - INFO - Completed timestep 8100
2024-12-14 15:45:19,080 - matplotlib.colorbar - DEBUG - locator: <matplotlib.ticker.AutoLocator object at 0x7f14f371bd60>
2024-12-14 15:45:21,238 - __main__ - INFO - Completed timestep 8200
2024-12-14 15:45:21,290 - matplotlib.colorbar - DEBUG - locator: <matplotlib.ticker.AutoLocator object at 0x7f14f3fc9060>
2024-12-14 15:45:22,327 - __main__ - INFO - Completed timestep 8300
2024-12-14 15:45:22,378 - matplotlib.colorbar - DEBUG - locator: <matplotlib.ticker.AutoLocator object at 0x7f14f49759c0>
2024-12-14 15:45:24,500 - __main__ - INFO - Completed timestep 8400
2024-12-14 15:45:24,550 - matplotlib.colorbar - DEBUG - locator: <matplotlib.ticker.AutoLocator object at 0x7f14f36352a0>
2024-12-14 15:45:26,652 - __main__ - INFO - Completed timestep 8500
2024-12-14 15:45:26,701 - matplotlib.colorbar - DEBUG - locator: <matplotlib.ticker.AutoLocator object at 0x7f14f2fcf340>
2024-12-14 15:45:28,849 - __main__ - INFO - Completed timestep 8600
2024-12-14 15:45:28,899 - matplotlib.colorbar - DEBUG - locator: <matplotlib.ticker.AutoLocator object at 0x7f14f3da0550>
2024-12-14 15:45:31,042 - __main__ - INFO - Completed timestep 8700
2024-12-14 15:45:31,095 - matplotlib.colorbar - DEBUG - locator: <matplotlib.ticker.AutoLocator object at 0x7f14f480c040>
2024-12-14 15:45:33,313 - __main__ - INFO - Completed timestep 8800
2024-12-14 15:45:33,366 - matplotlib.colorbar - DEBUG - locator: <matplotlib.ticker.AutoLocator object at 0x7f14f446a2f0>
2024-12-14 15:45:35,566 - __main__ - INFO - Completed timestep 8900
2024-12-14 15:45:35,682 - matplotlib.colorbar - DEBUG - locator: <matplotlib.ticker.AutoLocator object at 0x7f14f366cbb0>
2024-12-14 15:45:37,858 - __main__ - INFO - Completed timestep 9000
2024-12-14 15:45:37,909 - matplotlib.colorbar - DEBUG - locator: <matplotlib.ticker.AutoLocator object at 0x7f14f4002710>
2024-12-14 15:45:40,116 - __main__ - INFO - Completed timestep 9100
2024-12-14 15:45:40,193 - matplotlib.colorbar - DEBUG - locator: <matplotlib.ticker.AutoLocator object at 0x7f14f302f880>
2024-12-14 15:45:42,399 - __main__ - INFO - Completed timestep 9200
2024-12-14 15:45:42,451 - matplotlib.colorbar - DEBUG - locator: <matplotlib.ticker.AutoLocator object at 0x7f14f3735810>
2024-12-14 15:45:44,647 - __main__ - INFO - Completed timestep 9300
2024-12-14 15:45:44,700 - matplotlib.colorbar - DEBUG - locator: <matplotlib.ticker.AutoLocator object at 0x7f14f34133a0>
2024-12-14 15:45:46,868 - __main__ - INFO - Completed timestep 9400
2024-12-14 15:45:46,919 - matplotlib.colorbar - DEBUG - locator: <matplotlib.ticker.AutoLocator object at 0x7f14f40d1900>
2024-12-14 15:45:49,083 - __main__ - INFO - Completed timestep 9500
2024-12-14 15:45:49,133 - matplotlib.colorbar - DEBUG - locator: <matplotlib.ticker.AutoLocator object at 0x7f14f48a4af0>
2024-12-14 15:45:51,313 - __main__ - INFO - Completed timestep 9600
2024-12-14 15:45:51,364 - matplotlib.colorbar - DEBUG - locator: <matplotlib.ticker.AutoLocator object at 0x7f14f2d46b60>
2024-12-14 15:45:53,489 - __main__ - INFO - Completed timestep 9700
2024-12-14 15:45:53,541 - matplotlib.colorbar - DEBUG - locator: <matplotlib.ticker.AutoLocator object at 0x7f14f31cdcc0>
2024-12-14 15:45:54,574 - __main__ - INFO - Completed timestep 9800
2024-12-14 15:45:54,625 - matplotlib.colorbar - DEBUG - locator: <matplotlib.ticker.AutoLocator object at 0x7f14f2fcf1f0>
2024-12-14 15:45:56,769 - __main__ - INFO - Completed timestep 9900
